<?xml version="1.0" encoding="UTF-8"?>
<testng-results skipped="0" failed="0" total="3" passed="3">
  <reporter-output>
  </reporter-output>
  <suite name="Default suite" duration-ms="123746" started-at="2018-12-11T08:03:36Z" finished-at="2018-12-11T08:05:40Z">
    <groups>
    </groups>
    <test name="Default test" duration-ms="123746" started-at="2018-12-11T08:03:36Z" finished-at="2018-12-11T08:05:40Z">
      <class name="goibibo.test.GboTest">
        <test-method status="PASS" signature="driverOpen()[pri:0, instance:goibibo.test.GboTest@1ff8b8f]" name="driverOpen" is-config="true" duration-ms="0" started-at="2018-12-11T13:33:36Z" finished-at="2018-12-11T13:33:36Z">
          <reporter-output>
          </reporter-output>
        </test-method> <!-- driverOpen -->
        <test-method status="PASS" signature="driverScript3()[pri:0, instance:goibibo.test.GboTest@1ff8b8f]" name="driverScript3" duration-ms="77881" started-at="2018-12-11T13:33:36Z" finished-at="2018-12-11T13:34:54Z">
          <reporter-output>
          </reporter-output>
        </test-method> <!-- driverScript3 -->
        <test-method status="PASS" signature="driverScript2()[pri:0, instance:goibibo.test.GboTest@1ff8b8f]" name="driverScript2" duration-ms="26133" started-at="2018-12-11T13:34:54Z" finished-at="2018-12-11T13:35:20Z">
          <reporter-output>
          </reporter-output>
        </test-method> <!-- driverScript2 -->
        <test-method status="PASS" signature="driverScript()[pri:0, instance:goibibo.test.GboTest@1ff8b8f]" name="driverScript" duration-ms="19316" started-at="2018-12-11T13:35:20Z" finished-at="2018-12-11T13:35:40Z">
          <reporter-output>
          </reporter-output>
        </test-method> <!-- driverScript -->
        <test-method status="PASS" signature="driverClose()[pri:0, instance:goibibo.test.GboTest@1ff8b8f]" name="driverClose" is-config="true" duration-ms="390" started-at="2018-12-11T13:35:40Z" finished-at="2018-12-11T13:35:40Z">
          <reporter-output>
          </reporter-output>
        </test-method> <!-- driverClose -->
      </class> <!-- goibibo.test.GboTest -->
    </test> <!-- Default test -->
  </suite> <!-- Default suite -->
</testng-results>
